2021-12-28 17:32:33,716:INFO:commands: Bot ready, initiating loops.
2021-12-28 17:32:33,716:INFO:commands: Garbage collection loop initiated
2021-12-28 17:32:33,716:INFO:commands: Garbage collecting...
2021-12-28 17:32:33,716:INFO:commands: Garbage collecting finished
2021-12-28 17:32:35,849:DEBUG:commands: Received message star!stop in bot-testing in StarGazingWorkshop.
2021-12-28 17:32:35,849:DEBUG:commands: Checking permissions for 523717630972919809 for command {'namespace': None, 'commonname': 'stop', 'cooldown': 0, 'exec': 'self.stop', 'permission': 5}
2021-12-28 17:32:35,849:DEBUG:commands: Getting permissions for 523717630972919809
2021-12-28 17:32:35,849:WARNING:commands: {message.author} is running the shutdown command.
2021-12-28 17:32:35,976:DEBUG:commands: Received message Are you sure you want to stop the bot?
                - Run the command again to confirm.
                - Run `at!nevermind` (change prefix accordingly) to reset the counter. in bot-testing in StarGazingWorkshop.
2021-12-28 17:32:36,013:DEBUG:commands: Received message Are you sure you want to stop the bot?
- Run the command again to confirm.
- Run `at!nevermind` (change prefix accordingly) to reset the counter. in bot-testing in StarGazingWorkshop.
2021-12-28 17:32:42,173:DEBUG:commands: Received message  in 📝»guild-chat-bridge in Atlantica.
2021-12-28 17:32:43,694:INFO:commands: Garbage collecting...
2021-12-28 17:32:43,694:INFO:commands: Garbage collecting finished
2021-12-28 17:32:43,960:DEBUG:commands: Received message star!nevermind in bot-testing in StarGazingWorkshop.
2021-12-28 17:32:43,960:DEBUG:commands: Checking permissions for 523717630972919809 for command {'namespace': None, 'commonname': 'nevermind', 'cooldown': 0, 'exec': 'self.nevermind', 'permission': 5}
2021-12-28 17:32:43,960:DEBUG:commands: Getting permissions for 523717630972919809
2021-12-28 17:32:44,099:DEBUG:commands: Received message Stop counter reset. in bot-testing in StarGazingWorkshop.
2021-12-28 17:32:44,173:DEBUG:commands: Received message Stop counter reset. in bot-testing in StarGazingWorkshop.
2021-12-28 17:32:53,718:INFO:commands: Garbage collecting...
2021-12-28 17:32:53,718:INFO:commands: Garbage collecting finished
2021-12-28 17:33:03,730:INFO:commands: Garbage collecting...
2021-12-28 17:33:03,730:INFO:commands: Garbage collecting finished
2021-12-28 17:33:13,746:INFO:commands: Garbage collecting...
2021-12-28 17:33:13,746:INFO:commands: Garbage collecting finished
